<?xml version="1.0" encoding="UTF-8"?>
<testsuite xmlns:xsi="http://www.w3.org/2001/XMLSchema-instance" xsi:noNamespaceSchemaLocation="https://maven.apache.org/surefire/maven-surefire-plugin/xsd/surefire-test-report.xsd" name="com.vodacom.challenge.RandomServiceTest" time="46.257" tests="5" errors="0" skipped="0" failures="0">
  <properties>
[...]
</properties>
  <testcase name="random" classname="com.vodacom.challenge.RandomServiceTest" time="46.164"/>
  <testcase name="pending" classname="com.vodacom.challenge.RandomServiceTest" time="0.003"/>
  <testcase name="stats" classname="com.vodacom.challenge.RandomServiceTest" time="0.003"/>
  <testcase name="history" classname="com.vodacom.challenge.RandomServiceTest" time="0.003"/>
  <testcase name="random1" classname="com.vodacom.challenge.RandomServiceTest" time="0.006"/>
</testsuite>